2.4435 	WARNING 	Speech-to-text recognition module for PocketSphinx is not available (use command `pip install SpeechRecognition` to get it). Transcription will be unavailable using that service this session.
2.4452 	WARNING 	Speech-to-text recognition using Google online services is not available (use command `pip install google-api-core google-auth google-cloud google-cloud-speech googleapis-common-protos` to get it). Transcription will be unavailable using that service this session.
2.4482 	ERROR 	Support for the `sounddevice` audio backend is not available this session. Please install `psychopy-sounddevice` and restart the session to enable support.
15.3359 	EXP 	Created window1 = Window(allowGUI=True, allowStencil=False, autoLog=True, backendConf=UNKNOWN, backgroundFit=<method-wrapper '__getattribute__' of attributeSetter object at 0x000002B0067B8FA0>, backgroundImage=<method-wrapper '__getattribute__' of attributeSetter object at 0x000002B0067B9000>, bitsMode=UNKNOWN, blendMode='avg', bpc=(8, 8, 8), color=array([-1., -1., -1.]), colorSpace='rgb', depthBits=8, fullscr=<method-wrapper '__getattribute__' of attributeSetter object at 0x000002B0067B9300>, gamma=None, gammaErrorPolicy='raise', lms=UNKNOWN, monitor=<psychopy.monitors.calibTools.Monitor object at 0x000002B007C18FA0>, multiSample=False, name='window1', numSamples=2, pos=(0, 0), screen=0, size=array([1920, 1080]), stencilBits=0, stereo=False, units='height', useFBO=True, useRetina=False, viewOri=0.0, viewPos=None, viewScale=None, waitBlanking=True, winType='pyglet')
15.3361 	EXP 	window1: mouseVisible = True
15.3361 	EXP 	window1: backgroundImage = None
15.3362 	EXP 	window1: backgroundFit = 'cover'
15.3362 	EXP 	window1: mouseVisible = True
15.3362 	EXP 	window1: Attempting to measure frame rate of screen (0) ...
15.3363 	EXP 	window1: recordFrameIntervals = False
15.5021 	EXP 	window1: recordFrameIntervals = True
15.6857 	EXP 	Screen (0) actual frame rate measured at 60.01Hz
15.6858 	EXP 	window1: recordFrameIntervals = False
20.1180 	EXP 	Created welcome_text = TextStim(__class__=<class 'psychopy.visual.text.TextStim'>, alignHoriz=method-wrapper(...), alignText='center', alignVert=method-wrapper(...), anchorHoriz='center', anchorVert='center', antialias=True, autoDraw=False, autoLog=True, bold=False, color=array([1., 1., 1.]), colorSpace='rgb', contrast=1.0, depth=0.0, flipHoriz=False, flipVert=False, font='Open Sans', fontFiles=[], height=0.05, italic=False, languageStyle='LTR', name='welcome_text', opacity=1.0, ori=0.0, pos=array([0., 0.]), rgb=UNKNOWN, text='Welcome!\n', units='height', win=Window(...), wrapWidth=1)
20.1802 	EXP 	Created instructions_text = TextStim(__class__=<class 'psychopy.visual.text.TextStim'>, alignHoriz=method-wrapper(...), alignText='center', alignVert=method-wrapper(...), anchorHoriz='center', anchorVert='center', antialias=True, autoDraw=False, autoLog=True, bold=False, color=array([1., 1., 1.]), colorSpace='rgb', contrast=1.0, depth=0.0, flipHoriz=False, flipVert=False, font='Open Sans', fontFiles=[], height=0.05, italic=False, languageStyle='LTR', name='instructions_text', opacity=1.0, ori=0.0, pos=array([0., 0.]), rgb=UNKNOWN, text=str(...), units='height', win=Window(...), wrapWidth=1)
20.1878 	EXP 	Created eye_text = TextStim(__class__=<class 'psychopy.visual.text.TextStim'>, alignHoriz=method-wrapper(...), alignText='center', alignVert=method-wrapper(...), anchorHoriz='center', anchorVert='center', antialias=True, autoDraw=False, autoLog=True, bold=False, color=array([1., 1., 1.]), colorSpace='rgb', contrast=1.0, depth=0.0, flipHoriz=False, flipVert=False, font='Open Sans', fontFiles=[], height=0.05, italic=False, languageStyle='LTR', name='eye_text', opacity=1.0, ori=0.0, pos=array([0., 0.]), rgb=UNKNOWN, text='Blink you eyes', units='height', win=Window(...), wrapWidth=1)
20.1954 	EXP 	Created text = TextStim(__class__=<class 'psychopy.visual.text.TextStim'>, alignHoriz=method-wrapper(...), alignText='center', alignVert=method-wrapper(...), anchorHoriz='center', anchorVert='center', antialias=True, autoDraw=False, autoLog=True, bold=False, color=array([1., 1., 1.]), colorSpace='rgb', contrast=1.0, depth=0.0, flipHoriz=False, flipVert=False, font='Open Sans', fontFiles=[], height=0.05, italic=False, languageStyle='LTR', name='text', opacity=1.0, ori=0.0, pos=array([0., 0.]), rgb=UNKNOWN, text='Clench your jaw!', units='height', win=Window(...), wrapWidth=1)
20.2039 	EXP 	Created closedEyes_text = TextStim(__class__=<class 'psychopy.visual.text.TextStim'>, alignHoriz=method-wrapper(...), alignText='center', alignVert=method-wrapper(...), anchorHoriz='center', anchorVert='center', antialias=True, autoDraw=False, autoLog=True, bold=False, color=array([1., 1., 1.]), colorSpace='rgb', contrast=1.0, depth=0.0, flipHoriz=False, flipVert=False, font='Open Sans', fontFiles=[], height=0.05, italic=False, languageStyle='LTR', name='closedEyes_text', opacity=1.0, ori=0.0, pos=array([0., 0.]), rgb=UNKNOWN, text=str(...), units='height', win=Window(...), wrapWidth=1)
20.4940 	EXP 	Sound beep set volume 1.000
20.6036 	EXP 	Created trialImage = ImageStim(__class__=<class 'psychopy.visual.image.ImageStim'>, anchor=('center', 'center'), autoLog=True, color=array([1., 1., 1.]), colorSpace='rgb', contrast=1.0, depth=0.0, flipHoriz=False, flipVert=False, image='sin', interpolate=True, mask=None, maskParams=None, name='trialImage', opacity=1.0, ori=0.0, pos=array([0., 0.]), size=array([0.3, 0.3]), texRes=128.0, units='height', win=Window(...))
20.6080 	EXP 	Created polygon = Rect(__class__=<class 'psychopy.visual.rect.Rect'>, anchor=('left', 'bottom'), autoDraw=False, autoLog=True, closeShape=True, color=method-wrapper(...), colorSpace='rgb', contrast=None, depth=-1.0, fillColor=array([1, 1, 1]), fillColorSpace='rgb', fillRGB=array([1, 1, 1]), interpolate=True, lineColor=array([1., 1., 1.]), lineColorSpace='rgb', lineRGB=array([1, 1, 1]), lineWidth=1.0, name='polygon', opacity=1.0, ori=0.0, pos=array([-0.9, -0.5]), size=array([0.2, 0.2]), units='height', vertices=ndarray(...), win=Window(...))
20.6103 	EXP 	Created blank_text = TextStim(__class__=<class 'psychopy.visual.text.TextStim'>, alignHoriz=method-wrapper(...), alignText='center', alignVert=method-wrapper(...), anchorHoriz='center', anchorVert='center', antialias=True, autoDraw=False, autoLog=True, bold=False, color=array([1., 1., 1.]), colorSpace='rgb', contrast=1.0, depth=0.0, flipHoriz=False, flipVert=False, font='Open Sans', fontFiles=[], height=0.05, italic=False, languageStyle='LTR', name='blank_text', opacity=1.0, ori=0.0, pos=array([0., 0.]), rgb=UNKNOWN, text='', units='height', win=Window(...), wrapWidth=1)
20.6119 	EXP 	Created trialBlockText = TextStim(__class__=<class 'psychopy.visual.text.TextStim'>, alignHoriz=method-wrapper(...), alignText='center', alignVert=method-wrapper(...), anchorHoriz='center', anchorVert='center', antialias=True, autoDraw=False, autoLog=True, bold=False, color=array([1., 1., 1.]), colorSpace='rgb', contrast=1.0, depth=0.0, flipHoriz=False, flipVert=False, font='Open Sans', fontFiles=[], height=0.05, italic=False, languageStyle='LTR', name='trialBlockText', opacity=1.0, ori=0.0, pos=array([0., 0.]), rgb=UNKNOWN, text='', units='height', win=Window(...), wrapWidth=1)
20.6200 	EXP 	Created goodbye_text = TextStim(__class__=<class 'psychopy.visual.text.TextStim'>, alignHoriz=method-wrapper(...), alignText='center', alignVert=method-wrapper(...), anchorHoriz='center', anchorVert='center', antialias=True, autoDraw=False, autoLog=True, bold=False, color=array([1., 1., 1.]), colorSpace='rgb', contrast=1.0, depth=0.0, flipHoriz=False, flipVert=False, font='Open Sans', fontFiles=[], height=0.05, italic=False, languageStyle='LTR', name='goodbye_text', opacity=1.0, ori=0.0, pos=array([0., 0.]), rgb=UNKNOWN, text='Thank you for participating!', units='height', win=Window(...), wrapWidth=1)
20.6406 	EXP 	welcome_text: autoDraw = True
22.6763 	EXP 	welcome_text: autoDraw = False
22.6763 	EXP 	instructions_text: autoDraw = True
24.0187 	DATA 	Keypress: space
24.0279 	EXP 	instructions_text: autoDraw = False
24.0279 	EXP 	eye_text: autoDraw = True
39.0277 	EXP 	eye_text: autoDraw = False
39.0277 	EXP 	eye_text: autoDraw = False
39.0277 	EXP 	text: autoDraw = True
54.0274 	EXP 	text: autoDraw = False
54.0274 	EXP 	text: autoDraw = False
54.0274 	EXP 	closedEyes_text: autoDraw = True
68.4263 	EXP 	Sound beep started
69.0271 	EXP 	closedEyes_text: autoDraw = False
69.0273 	EXP 	Sound beep stopped
69.0330 	EXP 	Created sequence: random, trialTypes=1, nReps=12, seed=None
69.0341 	EXP 	New trial (rep=0, index=0): None
69.0860 	EXP 	Imported stims.xlsx as conditions, 120 conditions, 2 params
69.0904 	EXP 	Created sequence: random, trialTypes=120, nReps=1, seed=None
69.0908 	EXP 	New trial (rep=0, index=0): {'image': 'Celebs/57_Jackie_Chan_0010.jpg', 'stimulus': 'non_target'}
69.1271 	EXP 	closedEyes_text: autoDraw = False
69.1271 	EXP 	trialImage: image = 'Celebs/34_Neil_Patrick_Harris_0004.jpg'
69.1271 	EXP 	polygon: foreColor = [-0.4, -0.4, -0.4]
69.1271 	EXP 	polygon: fillColor = [-0.4, -0.4, -0.4]
69.1271 	EXP 	polygon: borderColor = [-0.4, -0.4, -0.4]
69.1271 	EXP 	polygon: color = [-0.4, -0.4, -0.4]
69.1271 	EXP 	trialImage: autoDraw = True
69.1271 	EXP 	polygon: autoDraw = True
69.5609 	EXP 	trialImage: autoDraw = False
69.5609 	EXP 	polygon: autoDraw = False
69.5609 	EXP 	blank_text: autoDraw = True
70.0290 	EXP 	New trial (rep=0, index=1): {'image': 'Celebs/32_Jim_Parsons_0016.jpg', 'stimulus': 'non_target'}
70.0465 	EXP 	blank_text: autoDraw = False
70.0465 	EXP 	trialImage: image = 'Celebs/27_Scarlett_Johansson_0012.jpg'
70.0465 	EXP 	polygon: foreColor = [-0.4, -0.4, -0.4]
70.0465 	EXP 	polygon: fillColor = [-0.4, -0.4, -0.4]
70.0465 	EXP 	polygon: borderColor = [-0.4, -0.4, -0.4]
70.0465 	EXP 	polygon: color = [-0.4, -0.4, -0.4]
70.0465 	EXP 	trialImage: autoDraw = True
70.0465 	EXP 	polygon: autoDraw = True
70.5493 	EXP 	trialImage: autoDraw = False
70.5493 	EXP 	polygon: autoDraw = False
70.5493 	EXP 	blank_text: autoDraw = True
71.0341 	EXP 	New trial (rep=0, index=2): {'image': 'Celebs/32_Jim_Parsons_0018.jpg', 'stimulus': 'non_target'}
71.0506 	EXP 	blank_text: autoDraw = False
71.0506 	EXP 	trialImage: image = 'Celebs/54_Jackie_Chan_0014.jpg'
71.0506 	EXP 	polygon: foreColor = [-0.4, -0.4, -0.4]
71.0506 	EXP 	polygon: fillColor = [-0.4, -0.4, -0.4]
71.0506 	EXP 	polygon: borderColor = [-0.4, -0.4, -0.4]
71.0506 	EXP 	polygon: color = [-0.4, -0.4, -0.4]
71.0506 	EXP 	trialImage: autoDraw = True
71.0506 	EXP 	polygon: autoDraw = True
71.5504 	EXP 	trialImage: autoDraw = False
71.5504 	EXP 	polygon: autoDraw = False
71.5504 	EXP 	blank_text: autoDraw = True
72.0351 	EXP 	New trial (rep=0, index=3): {'image': 'Celebs/21_Scarlett_Johansson_0007.jpg', 'stimulus': 'non_target'}
72.0637 	EXP 	blank_text: autoDraw = False
72.0637 	EXP 	trialImage: image = 'Celebs/14_Emma_Watson_0004.jpg'
72.0637 	EXP 	polygon: foreColor = [-0.4, -0.4, -0.4]
72.0637 	EXP 	polygon: fillColor = [-0.4, -0.4, -0.4]
72.0637 	EXP 	polygon: borderColor = [-0.4, -0.4, -0.4]
72.0637 	EXP 	polygon: color = [-0.4, -0.4, -0.4]
72.0637 	EXP 	trialImage: autoDraw = True
72.0637 	EXP 	polygon: autoDraw = True
72.5475 	EXP 	trialImage: autoDraw = False
72.5475 	EXP 	polygon: autoDraw = False
72.5475 	EXP 	blank_text: autoDraw = True
73.0323 	EXP 	New trial (rep=0, index=4): {'image': 'Celebs/51_Jackie_Chan_0006.jpg', 'stimulus': 'non_target'}
73.0486 	EXP 	blank_text: autoDraw = False
73.0486 	EXP 	trialImage: image = 'Celebs/44_Will_Smith_0007.jpg'
73.0486 	EXP 	polygon: foreColor = [-0.4, -0.4, -0.4]
73.0486 	EXP 	polygon: fillColor = [-0.4, -0.4, -0.4]
73.0486 	EXP 	polygon: borderColor = [-0.4, -0.4, -0.4]
73.0486 	EXP 	polygon: color = [-0.4, -0.4, -0.4]
73.0486 	EXP 	trialImage: autoDraw = True
73.0486 	EXP 	polygon: autoDraw = True
73.5486 	EXP 	trialImage: autoDraw = False
73.5486 	EXP 	polygon: autoDraw = False
73.5486 	EXP 	blank_text: autoDraw = True
74.0336 	EXP 	New trial (rep=0, index=5): {'image': 'Celebs/50_Johnny_Depp_0010.jpg', 'stimulus': 'non_target'}
74.0525 	EXP 	blank_text: autoDraw = False
74.0525 	EXP 	trialImage: image = 'Celebs/48_Johnny_Depp_0001.jpg'
74.0525 	EXP 	polygon: foreColor = [-0.4, -0.4, -0.4]
74.0525 	EXP 	polygon: fillColor = [-0.4, -0.4, -0.4]
74.0525 	EXP 	polygon: borderColor = [-0.4, -0.4, -0.4]
74.0525 	EXP 	polygon: color = [-0.4, -0.4, -0.4]
74.0525 	EXP 	trialImage: autoDraw = True
74.0525 	EXP 	polygon: autoDraw = True
74.5537 	EXP 	trialImage: autoDraw = False
74.5537 	EXP 	polygon: autoDraw = False
74.5537 	EXP 	blank_text: autoDraw = True
75.0382 	EXP 	New trial (rep=0, index=6): {'image': 'Celebs/22_Margot_Robbie_0010.jpg', 'stimulus': 'non_target'}
75.0550 	EXP 	blank_text: autoDraw = False
75.0550 	EXP 	trialImage: image = 'Celebs/43_Will_Smith_0006.jpg'
75.0550 	EXP 	polygon: foreColor = [-0.4, -0.4, -0.4]
75.0550 	EXP 	polygon: fillColor = [-0.4, -0.4, -0.4]
75.0550 	EXP 	polygon: borderColor = [-0.4, -0.4, -0.4]
75.0550 	EXP 	polygon: color = [-0.4, -0.4, -0.4]
75.0550 	EXP 	trialImage: autoDraw = True
75.0550 	EXP 	polygon: autoDraw = True
75.5548 	EXP 	trialImage: autoDraw = False
75.5548 	EXP 	polygon: autoDraw = False
75.5548 	EXP 	blank_text: autoDraw = True
76.0396 	EXP 	New trial (rep=0, index=7): {'image': 'Celebs/19_Margot_Robbie_0001.jpg', 'stimulus': 'non_target'}
76.0682 	EXP 	blank_text: autoDraw = False
76.0682 	EXP 	trialImage: image = 'Celebs/22_Emma_Watson_0010.jpg'
76.0682 	EXP 	polygon: foreColor = [-0.4, -0.4, -0.4]
76.0682 	EXP 	polygon: fillColor = [-0.4, -0.4, -0.4]
76.0682 	EXP 	polygon: borderColor = [-0.4, -0.4, -0.4]
76.0682 	EXP 	polygon: color = [-0.4, -0.4, -0.4]
76.0682 	EXP 	trialImage: autoDraw = True
76.0682 	EXP 	polygon: autoDraw = True
76.5518 	EXP 	trialImage: autoDraw = False
76.5518 	EXP 	polygon: autoDraw = False
76.5518 	EXP 	blank_text: autoDraw = True
77.0365 	EXP 	New trial (rep=0, index=8): {'image': 'Celebs/44_Will_Smith_0006.jpg', 'stimulus': 'non_target'}
77.0523 	EXP 	blank_text: autoDraw = False
77.0523 	EXP 	trialImage: image = 'Celebs/14_Emma_Watson_0008.jpg'
77.0523 	EXP 	polygon: foreColor = [-0.4, -0.4, -0.4]
77.0523 	EXP 	polygon: fillColor = [-0.4, -0.4, -0.4]
77.0523 	EXP 	polygon: borderColor = [-0.4, -0.4, -0.4]
77.0523 	EXP 	polygon: color = [-0.4, -0.4, -0.4]
77.0523 	EXP 	trialImage: autoDraw = True
77.0523 	EXP 	polygon: autoDraw = True
77.5529 	EXP 	trialImage: autoDraw = False
77.5529 	EXP 	polygon: autoDraw = False
77.5529 	EXP 	blank_text: autoDraw = True
78.0376 	EXP 	New trial (rep=0, index=9): {'image': 'Celebs/55_Jackie_Chan_0008.jpg', 'stimulus': 'non_target'}
78.0557 	EXP 	blank_text: autoDraw = False
78.0557 	EXP 	trialImage: image = 'Celebs/23_Daniel_Radcliffe_0019.jpg'
78.0557 	EXP 	polygon: foreColor = [1, 1, 1]
78.0557 	EXP 	polygon: fillColor = [1, 1, 1]
78.0557 	EXP 	polygon: borderColor = [1, 1, 1]
78.0557 	EXP 	polygon: color = [1, 1, 1]
78.0557 	EXP 	trialImage: autoDraw = True
78.0557 	EXP 	polygon: autoDraw = True
78.5581 	EXP 	trialImage: autoDraw = False
78.5581 	EXP 	polygon: autoDraw = False
78.5581 	EXP 	blank_text: autoDraw = True
79.0427 	EXP 	New trial (rep=0, index=10): {'image': 'Celebs/38_Will_Smith_0013.jpg', 'stimulus': 'non_target'}
79.0715 	EXP 	blank_text: autoDraw = False
79.0715 	EXP 	trialImage: image = 'Celebs/50_Johnny_Depp_0008.jpg'
79.0715 	EXP 	polygon: foreColor = [-0.4, -0.4, -0.4]
79.0715 	EXP 	polygon: fillColor = [-0.4, -0.4, -0.4]
79.0715 	EXP 	polygon: borderColor = [-0.4, -0.4, -0.4]
79.0715 	EXP 	polygon: color = [-0.4, -0.4, -0.4]
79.0715 	EXP 	trialImage: autoDraw = True
79.0715 	EXP 	polygon: autoDraw = True
79.5553 	EXP 	trialImage: autoDraw = False
79.5553 	EXP 	polygon: autoDraw = False
79.5553 	EXP 	blank_text: autoDraw = True
80.0398 	EXP 	New trial (rep=0, index=11): {'image': 'Celebs/47_Johnny_Depp_0009.jpg', 'stimulus': 'non_target'}
80.0568 	EXP 	blank_text: autoDraw = False
80.0568 	EXP 	trialImage: image = 'Celebs/21_Emma_Stone_0002.jpg'
80.0568 	EXP 	polygon: foreColor = [-0.4, -0.4, -0.4]
80.0568 	EXP 	polygon: fillColor = [-0.4, -0.4, -0.4]
80.0568 	EXP 	polygon: borderColor = [-0.4, -0.4, -0.4]
80.0568 	EXP 	polygon: color = [-0.4, -0.4, -0.4]
80.0568 	EXP 	trialImage: autoDraw = True
80.0568 	EXP 	polygon: autoDraw = True
80.5562 	EXP 	trialImage: autoDraw = False
80.5562 	EXP 	polygon: autoDraw = False
80.5562 	EXP 	blank_text: autoDraw = True
81.0409 	EXP 	New trial (rep=0, index=12): {'image': 'Celebs/22_Emma_Stone_0013.jpg', 'stimulus': 'non_target'}
81.0577 	EXP 	blank_text: autoDraw = False
81.0577 	EXP 	trialImage: image = 'Celebs/19_Emma_Stone_0006.jpg'
81.0577 	EXP 	polygon: foreColor = [-0.4, -0.4, -0.4]
81.0577 	EXP 	polygon: fillColor = [-0.4, -0.4, -0.4]
81.0577 	EXP 	polygon: borderColor = [-0.4, -0.4, -0.4]
81.0577 	EXP 	polygon: color = [-0.4, -0.4, -0.4]
81.0577 	EXP 	trialImage: autoDraw = True
81.0577 	EXP 	polygon: autoDraw = True
81.5574 	EXP 	trialImage: autoDraw = False
81.5574 	EXP 	polygon: autoDraw = False
81.5574 	EXP 	blank_text: autoDraw = True
82.0421 	EXP 	New trial (rep=0, index=13): {'image': 'Celebs/23_Daniel_Radcliffe_0010.jpg', 'stimulus': 'target'}
82.0604 	EXP 	blank_text: autoDraw = False
82.0604 	EXP 	trialImage: image = 'Celebs/40_Jim_Parsons_0004.jpg'
82.0604 	EXP 	polygon: foreColor = [-0.4, -0.4, -0.4]
82.0604 	EXP 	polygon: fillColor = [-0.4, -0.4, -0.4]
82.0604 	EXP 	polygon: borderColor = [-0.4, -0.4, -0.4]
82.0604 	EXP 	polygon: color = [-0.4, -0.4, -0.4]
82.0604 	EXP 	trialImage: autoDraw = True
82.0604 	EXP 	polygon: autoDraw = True
82.5457 	EXP 	trialImage: autoDraw = False
82.5457 	EXP 	polygon: autoDraw = False
82.5457 	EXP 	blank_text: autoDraw = True
83.0306 	EXP 	New trial (rep=0, index=14): {'image': 'Celebs/38_Jim_Parsons_0003.jpg', 'stimulus': 'non_target'}
83.0471 	EXP 	blank_text: autoDraw = False
83.0471 	EXP 	trialImage: image = 'Celebs/38_Neil_Patrick_Harris_0006.jpg'
83.0471 	EXP 	polygon: foreColor = [-0.4, -0.4, -0.4]
83.0471 	EXP 	polygon: fillColor = [-0.4, -0.4, -0.4]
83.0471 	EXP 	polygon: borderColor = [-0.4, -0.4, -0.4]
83.0471 	EXP 	polygon: color = [-0.4, -0.4, -0.4]
83.0471 	EXP 	trialImage: autoDraw = True
83.0471 	EXP 	polygon: autoDraw = True
83.5469 	EXP 	trialImage: autoDraw = False
83.5469 	EXP 	polygon: autoDraw = False
83.5469 	EXP 	blank_text: autoDraw = True
84.0318 	EXP 	New trial (rep=0, index=15): {'image': 'Celebs/17_Margot_Robbie_0006.jpg', 'stimulus': 'non_target'}
84.0601 	EXP 	blank_text: autoDraw = False
84.0601 	EXP 	trialImage: image = 'Celebs/21_Daniel_Radcliffe_0002.jpg'
84.0601 	EXP 	polygon: foreColor = [1, 1, 1]
84.0601 	EXP 	polygon: fillColor = [1, 1, 1]
84.0601 	EXP 	polygon: borderColor = [1, 1, 1]
84.0601 	EXP 	polygon: color = [1, 1, 1]
84.0601 	EXP 	trialImage: autoDraw = True
84.0601 	EXP 	polygon: autoDraw = True
84.5606 	EXP 	trialImage: autoDraw = False
84.5606 	EXP 	polygon: autoDraw = False
84.5606 	EXP 	blank_text: autoDraw = True
85.0287 	EXP 	New trial (rep=0, index=16): {'image': 'Celebs/19_Emma_Stone_0006.jpg', 'stimulus': 'non_target'}
85.0473 	EXP 	blank_text: autoDraw = False
85.0473 	EXP 	trialImage: image = 'Celebs/31_Neil_Patrick_Harris_0008.jpg'
85.0473 	EXP 	polygon: foreColor = [-0.4, -0.4, -0.4]
85.0473 	EXP 	polygon: fillColor = [-0.4, -0.4, -0.4]
85.0473 	EXP 	polygon: borderColor = [-0.4, -0.4, -0.4]
85.0473 	EXP 	polygon: color = [-0.4, -0.4, -0.4]
85.0473 	EXP 	trialImage: autoDraw = True
85.0473 	EXP 	polygon: autoDraw = True
85.5491 	EXP 	trialImage: autoDraw = False
85.5491 	EXP 	polygon: autoDraw = False
85.5491 	EXP 	blank_text: autoDraw = True
86.0338 	EXP 	New trial (rep=0, index=17): {'image': 'Celebs/24_Emma_Stone_0015.jpg', 'stimulus': 'non_target'}
86.0503 	EXP 	blank_text: autoDraw = False
86.0503 	EXP 	trialImage: image = 'Celebs/24_Daniel_Radcliffe_0017.jpg'
86.0503 	EXP 	polygon: foreColor = [1, 1, 1]
86.0503 	EXP 	polygon: fillColor = [1, 1, 1]
86.0503 	EXP 	polygon: borderColor = [1, 1, 1]
86.0503 	EXP 	polygon: color = [1, 1, 1]
86.0503 	EXP 	trialImage: autoDraw = True
86.0503 	EXP 	polygon: autoDraw = True
86.5502 	EXP 	trialImage: autoDraw = False
86.5502 	EXP 	polygon: autoDraw = False
86.5502 	EXP 	blank_text: autoDraw = True
87.0348 	EXP 	New trial (rep=0, index=18): {'image': 'Celebs/16_Margot_Robbie_0009.jpg', 'stimulus': 'non_target'}
87.0515 	EXP 	blank_text: autoDraw = False
87.0515 	EXP 	trialImage: image = 'Celebs/32_Jim_Parsons_0018.jpg'
87.0515 	EXP 	polygon: foreColor = [-0.4, -0.4, -0.4]
87.0515 	EXP 	polygon: fillColor = [-0.4, -0.4, -0.4]
87.0515 	EXP 	polygon: borderColor = [-0.4, -0.4, -0.4]
87.0515 	EXP 	polygon: color = [-0.4, -0.4, -0.4]
87.0515 	EXP 	trialImage: autoDraw = True
87.0515 	EXP 	polygon: autoDraw = True
87.5512 	EXP 	trialImage: autoDraw = False
87.5512 	EXP 	polygon: autoDraw = False
87.5512 	EXP 	blank_text: autoDraw = True
88.0358 	EXP 	New trial (rep=0, index=19): {'image': 'Celebs/21_Daniel_Radcliffe_0008.jpg', 'stimulus': 'target'}
88.0644 	EXP 	blank_text: autoDraw = False
88.0644 	EXP 	trialImage: image = 'Celebs/39_Jim_Parsons_0008.jpg'
88.0644 	EXP 	polygon: foreColor = [-0.4, -0.4, -0.4]
88.0644 	EXP 	polygon: fillColor = [-0.4, -0.4, -0.4]
88.0644 	EXP 	polygon: borderColor = [-0.4, -0.4, -0.4]
88.0644 	EXP 	polygon: color = [-0.4, -0.4, -0.4]
88.0644 	EXP 	trialImage: autoDraw = True
88.0644 	EXP 	polygon: autoDraw = True
88.5483 	EXP 	trialImage: autoDraw = False
88.5483 	EXP 	polygon: autoDraw = False
88.5483 	EXP 	blank_text: autoDraw = True
89.0330 	EXP 	New trial (rep=0, index=20): {'image': 'Celebs/48_Johnny_Depp_0003.jpg', 'stimulus': 'non_target'}
89.0492 	EXP 	blank_text: autoDraw = False
89.0492 	EXP 	trialImage: image = 'Celebs/45_Will_Smith_0014.jpg'
89.0492 	EXP 	polygon: foreColor = [-0.4, -0.4, -0.4]
89.0492 	EXP 	polygon: fillColor = [-0.4, -0.4, -0.4]
89.0492 	EXP 	polygon: borderColor = [-0.4, -0.4, -0.4]
89.0492 	EXP 	polygon: color = [-0.4, -0.4, -0.4]
89.0492 	EXP 	trialImage: autoDraw = True
89.0492 	EXP 	polygon: autoDraw = True
89.5494 	EXP 	trialImage: autoDraw = False
89.5494 	EXP 	polygon: autoDraw = False
89.5494 	EXP 	blank_text: autoDraw = True
90.0341 	EXP 	New trial (rep=0, index=21): {'image': 'Celebs/34_Neil_Patrick_Harris_0007.jpg', 'stimulus': 'non_target'}
90.0666 	EXP 	blank_text: autoDraw = False
90.0666 	EXP 	trialImage: image = 'Celebs/25_Scarlett_Johansson_0010.jpg'
90.0666 	EXP 	polygon: foreColor = [-0.4, -0.4, -0.4]
90.0666 	EXP 	polygon: fillColor = [-0.4, -0.4, -0.4]
90.0666 	EXP 	polygon: borderColor = [-0.4, -0.4, -0.4]
90.0666 	EXP 	polygon: color = [-0.4, -0.4, -0.4]
90.0666 	EXP 	trialImage: autoDraw = True
90.0666 	EXP 	polygon: autoDraw = True
90.5505 	EXP 	trialImage: autoDraw = False
90.5505 	EXP 	polygon: autoDraw = False
90.5505 	EXP 	blank_text: autoDraw = True
91.0351 	EXP 	New trial (rep=0, index=22): {'image': 'Celebs/36_Neil_Patrick_Harris_0010.jpg', 'stimulus': 'non_target'}
91.0547 	EXP 	blank_text: autoDraw = False
91.0547 	EXP 	trialImage: image = 'Celebs/47_Johnny_Depp_0004.jpg'
91.0547 	EXP 	polygon: foreColor = [-0.4, -0.4, -0.4]
91.0547 	EXP 	polygon: fillColor = [-0.4, -0.4, -0.4]
91.0547 	EXP 	polygon: borderColor = [-0.4, -0.4, -0.4]
91.0547 	EXP 	polygon: color = [-0.4, -0.4, -0.4]
91.0547 	EXP 	trialImage: autoDraw = True
91.0547 	EXP 	polygon: autoDraw = True
91.5556 	EXP 	trialImage: autoDraw = False
91.5556 	EXP 	polygon: autoDraw = False
91.5556 	EXP 	blank_text: autoDraw = True
92.0403 	EXP 	New trial (rep=0, index=23): {'image': 'Celebs/26_Scarlett_Johansson_0008.jpg', 'stimulus': 'non_target'}
92.0689 	EXP 	blank_text: autoDraw = False
92.0689 	EXP 	trialImage: image = 'Celebs/50_Jackie_Chan_0012.jpg'
92.0689 	EXP 	polygon: foreColor = [-0.4, -0.4, -0.4]
92.0689 	EXP 	polygon: fillColor = [-0.4, -0.4, -0.4]
92.0689 	EXP 	polygon: borderColor = [-0.4, -0.4, -0.4]
92.0689 	EXP 	polygon: color = [-0.4, -0.4, -0.4]
92.0689 	EXP 	trialImage: autoDraw = True
92.0689 	EXP 	polygon: autoDraw = True
92.5527 	EXP 	trialImage: autoDraw = False
92.5527 	EXP 	polygon: autoDraw = False
92.5527 	EXP 	blank_text: autoDraw = True
93.0373 	EXP 	New trial (rep=0, index=24): {'image': 'Celebs/37_Neil_Patrick_Harris_0014.jpg', 'stimulus': 'non_target'}
93.0559 	EXP 	blank_text: autoDraw = False
93.0559 	EXP 	trialImage: image = 'Celebs/36_Neil_Patrick_Harris_0007.jpg'
93.0559 	EXP 	polygon: foreColor = [-0.4, -0.4, -0.4]
93.0559 	EXP 	polygon: fillColor = [-0.4, -0.4, -0.4]
93.0559 	EXP 	polygon: borderColor = [-0.4, -0.4, -0.4]
93.0559 	EXP 	polygon: color = [-0.4, -0.4, -0.4]
93.0559 	EXP 	trialImage: autoDraw = True
93.0559 	EXP 	polygon: autoDraw = True
93.5578 	EXP 	trialImage: autoDraw = False
93.5578 	EXP 	polygon: autoDraw = False
93.5578 	EXP 	blank_text: autoDraw = True
94.0424 	EXP 	New trial (rep=0, index=25): {'image': 'Celebs/36_Jim_Parsons_0011.jpg', 'stimulus': 'non_target'}
94.0711 	EXP 	blank_text: autoDraw = False
94.0711 	EXP 	trialImage: image = 'Celebs/15_Margot_Robbie_0005.jpg'
94.0711 	EXP 	polygon: foreColor = [-0.4, -0.4, -0.4]
94.0711 	EXP 	polygon: fillColor = [-0.4, -0.4, -0.4]
94.0711 	EXP 	polygon: borderColor = [-0.4, -0.4, -0.4]
94.0711 	EXP 	polygon: color = [-0.4, -0.4, -0.4]
94.0711 	EXP 	trialImage: autoDraw = True
94.0711 	EXP 	polygon: autoDraw = True
94.5548 	EXP 	trialImage: autoDraw = False
94.5548 	EXP 	polygon: autoDraw = False
94.5548 	EXP 	blank_text: autoDraw = True
95.0395 	EXP 	New trial (rep=0, index=26): {'image': 'Celebs/23_Daniel_Radcliffe_0019.jpg', 'stimulus': 'target'}
95.0720 	EXP 	blank_text: autoDraw = False
95.0720 	EXP 	trialImage: image = 'Celebs/21_Daniel_Radcliffe_0008.jpg'
95.0720 	EXP 	polygon: foreColor = [1, 1, 1]
95.0720 	EXP 	polygon: fillColor = [1, 1, 1]
95.0720 	EXP 	polygon: borderColor = [1, 1, 1]
95.0720 	EXP 	polygon: color = [1, 1, 1]
95.0720 	EXP 	trialImage: autoDraw = True
95.0720 	EXP 	polygon: autoDraw = True
95.5560 	EXP 	trialImage: autoDraw = False
95.5560 	EXP 	polygon: autoDraw = False
95.5560 	EXP 	blank_text: autoDraw = True
96.0406 	EXP 	New trial (rep=0, index=27): {'image': 'Celebs/39_Jim_Parsons_0004.jpg', 'stimulus': 'non_target'}
96.0731 	EXP 	blank_text: autoDraw = False
96.0731 	EXP 	trialImage: image = 'Celebs/37_Neil_Patrick_Harris_0014.jpg'
96.0731 	EXP 	polygon: foreColor = [-0.4, -0.4, -0.4]
96.0731 	EXP 	polygon: fillColor = [-0.4, -0.4, -0.4]
96.0731 	EXP 	polygon: borderColor = [-0.4, -0.4, -0.4]
96.0731 	EXP 	polygon: color = [-0.4, -0.4, -0.4]
96.0731 	EXP 	trialImage: autoDraw = True
96.0731 	EXP 	polygon: autoDraw = True
96.5571 	EXP 	trialImage: autoDraw = False
96.5571 	EXP 	polygon: autoDraw = False
96.5571 	EXP 	blank_text: autoDraw = True
97.0417 	EXP 	New trial (rep=0, index=28): {'image': 'Celebs/15_Margot_Robbie_0012.jpg', 'stimulus': 'non_target'}
97.0743 	EXP 	blank_text: autoDraw = False
97.0743 	EXP 	trialImage: image = 'Celebs/32_Jim_Parsons_0010.jpg'
97.0743 	EXP 	polygon: foreColor = [-0.4, -0.4, -0.4]
97.0743 	EXP 	polygon: fillColor = [-0.4, -0.4, -0.4]
97.0743 	EXP 	polygon: borderColor = [-0.4, -0.4, -0.4]
97.0743 	EXP 	polygon: color = [-0.4, -0.4, -0.4]
97.0743 	EXP 	trialImage: autoDraw = True
97.0743 	EXP 	polygon: autoDraw = True
97.5581 	EXP 	trialImage: autoDraw = False
97.5581 	EXP 	polygon: autoDraw = False
97.5581 	EXP 	blank_text: autoDraw = True
98.0428 	EXP 	New trial (rep=0, index=29): {'image': 'Celebs/55_Jackie_Chan_0015.jpg', 'stimulus': 'non_target'}
98.0754 	EXP 	blank_text: autoDraw = False
98.0754 	EXP 	trialImage: image = 'Celebs/24_Scarlett_Johansson_0011.jpg'
98.0754 	EXP 	polygon: foreColor = [-0.4, -0.4, -0.4]
98.0754 	EXP 	polygon: fillColor = [-0.4, -0.4, -0.4]
98.0754 	EXP 	polygon: borderColor = [-0.4, -0.4, -0.4]
98.0754 	EXP 	polygon: color = [-0.4, -0.4, -0.4]
98.0754 	EXP 	trialImage: autoDraw = True
98.0754 	EXP 	polygon: autoDraw = True
98.5592 	EXP 	trialImage: autoDraw = False
98.5592 	EXP 	polygon: autoDraw = False
98.5592 	EXP 	blank_text: autoDraw = True
99.0439 	EXP 	New trial (rep=0, index=30): {'image': 'Celebs/54_Jackie_Chan_0001.jpg', 'stimulus': 'non_target'}
99.0764 	EXP 	blank_text: autoDraw = False
99.0764 	EXP 	trialImage: image = 'Celebs/18_Emma_Watson_0004.jpg'
99.0764 	EXP 	polygon: foreColor = [-0.4, -0.4, -0.4]
99.0764 	EXP 	polygon: fillColor = [-0.4, -0.4, -0.4]
99.0764 	EXP 	polygon: borderColor = [-0.4, -0.4, -0.4]
99.0764 	EXP 	polygon: color = [-0.4, -0.4, -0.4]
99.0764 	EXP 	trialImage: autoDraw = True
99.0764 	EXP 	polygon: autoDraw = True
99.5604 	EXP 	trialImage: autoDraw = False
99.5604 	EXP 	polygon: autoDraw = False
99.5604 	EXP 	blank_text: autoDraw = True
100.0449 	EXP 	New trial (rep=0, index=31): {'image': 'Celebs/39_Neil_Patrick_Harris_0010.jpg', 'stimulus': 'non_target'}
100.0775 	EXP 	blank_text: autoDraw = False
100.0775 	EXP 	trialImage: image = 'Celebs/22_Emma_Watson_0003.jpg'
100.0775 	EXP 	polygon: foreColor = [-0.4, -0.4, -0.4]
100.0775 	EXP 	polygon: fillColor = [-0.4, -0.4, -0.4]
100.0775 	EXP 	polygon: borderColor = [-0.4, -0.4, -0.4]
100.0775 	EXP 	polygon: color = [-0.4, -0.4, -0.4]
100.0775 	EXP 	trialImage: autoDraw = True
100.0775 	EXP 	polygon: autoDraw = True
100.5447 	EXP 	trialImage: autoDraw = False
100.5447 	EXP 	polygon: autoDraw = False
100.5447 	EXP 	blank_text: autoDraw = True
101.0294 	EXP 	New trial (rep=0, index=32): {'image': 'Celebs/45_Will_Smith_0014.jpg', 'stimulus': 'non_target'}
101.0491 	EXP 	blank_text: autoDraw = False
101.0491 	EXP 	trialImage: image = 'Celebs/52_Jackie_Chan_0002.jpg'
101.0491 	EXP 	polygon: foreColor = [-0.4, -0.4, -0.4]
101.0491 	EXP 	polygon: fillColor = [-0.4, -0.4, -0.4]
101.0491 	EXP 	polygon: borderColor = [-0.4, -0.4, -0.4]
101.0491 	EXP 	polygon: color = [-0.4, -0.4, -0.4]
101.0491 	EXP 	trialImage: autoDraw = True
101.0491 	EXP 	polygon: autoDraw = True
101.5499 	EXP 	trialImage: autoDraw = False
101.5499 	EXP 	polygon: autoDraw = False
101.5499 	EXP 	blank_text: autoDraw = True
102.0345 	EXP 	New trial (rep=0, index=33): {'image': 'Celebs/21_Daniel_Radcliffe_0002.jpg', 'stimulus': 'target'}
102.0631 	EXP 	blank_text: autoDraw = False
102.0631 	EXP 	trialImage: image = 'Celebs/14_Emma_Watson_0005.jpg'
102.0631 	EXP 	polygon: foreColor = [-0.4, -0.4, -0.4]
102.0631 	EXP 	polygon: fillColor = [-0.4, -0.4, -0.4]
102.0631 	EXP 	polygon: borderColor = [-0.4, -0.4, -0.4]
102.0631 	EXP 	polygon: color = [-0.4, -0.4, -0.4]
102.0631 	EXP 	trialImage: autoDraw = True
102.0631 	EXP 	polygon: autoDraw = True
102.5469 	EXP 	trialImage: autoDraw = False
102.5469 	EXP 	polygon: autoDraw = False
102.5469 	EXP 	blank_text: autoDraw = True
103.0316 	EXP 	New trial (rep=0, index=34): {'image': 'Celebs/20_Emma_Stone_0005.jpg', 'stimulus': 'non_target'}
103.0642 	EXP 	blank_text: autoDraw = False
103.0642 	EXP 	trialImage: image = 'Celebs/32_Jim_Parsons_0016.jpg'
103.0642 	EXP 	polygon: foreColor = [-0.4, -0.4, -0.4]
103.0642 	EXP 	polygon: fillColor = [-0.4, -0.4, -0.4]
103.0642 	EXP 	polygon: borderColor = [-0.4, -0.4, -0.4]
103.0642 	EXP 	polygon: color = [-0.4, -0.4, -0.4]
103.0642 	EXP 	trialImage: autoDraw = True
103.0642 	EXP 	polygon: autoDraw = True
103.5480 	EXP 	trialImage: autoDraw = False
103.5480 	EXP 	polygon: autoDraw = False
103.5480 	EXP 	blank_text: autoDraw = True
104.0327 	EXP 	New trial (rep=0, index=35): {'image': 'Celebs/24_Scarlett_Johansson_0011.jpg', 'stimulus': 'non_target'}
104.0489 	EXP 	blank_text: autoDraw = False
104.0489 	EXP 	trialImage: image = 'Celebs/20_Scarlett_Johansson_0011.jpg'
104.0489 	EXP 	polygon: foreColor = [-0.4, -0.4, -0.4]
104.0489 	EXP 	polygon: fillColor = [-0.4, -0.4, -0.4]
104.0489 	EXP 	polygon: borderColor = [-0.4, -0.4, -0.4]
104.0489 	EXP 	polygon: color = [-0.4, -0.4, -0.4]
104.0489 	EXP 	trialImage: autoDraw = True
104.0489 	EXP 	polygon: autoDraw = True
104.5491 	EXP 	trialImage: autoDraw = False
104.5491 	EXP 	polygon: autoDraw = False
104.5491 	EXP 	blank_text: autoDraw = True
105.0338 	EXP 	New trial (rep=0, index=36): {'image': 'Celebs/35_Neil_Patrick_Harris_0009.jpg', 'stimulus': 'non_target'}
105.0663 	EXP 	blank_text: autoDraw = False
105.0663 	EXP 	trialImage: image = 'Celebs/26_Scarlett_Johansson_0008.jpg'
105.0663 	EXP 	polygon: foreColor = [-0.4, -0.4, -0.4]
105.0663 	EXP 	polygon: fillColor = [-0.4, -0.4, -0.4]
105.0663 	EXP 	polygon: borderColor = [-0.4, -0.4, -0.4]
105.0663 	EXP 	polygon: color = [-0.4, -0.4, -0.4]
105.0663 	EXP 	trialImage: autoDraw = True
105.0663 	EXP 	polygon: autoDraw = True
105.5502 	EXP 	trialImage: autoDraw = False
105.5502 	EXP 	polygon: autoDraw = False
105.5502 	EXP 	blank_text: autoDraw = True
106.0349 	EXP 	New trial (rep=0, index=37): {'image': 'Celebs/58_Jackie_Chan_0005.jpg', 'stimulus': 'non_target'}
106.0543 	EXP 	blank_text: autoDraw = False
106.0543 	EXP 	trialImage: image = 'Celebs/16_Margot_Robbie_0009.jpg'
106.0543 	EXP 	polygon: foreColor = [-0.4, -0.4, -0.4]
106.0543 	EXP 	polygon: fillColor = [-0.4, -0.4, -0.4]
106.0543 	EXP 	polygon: borderColor = [-0.4, -0.4, -0.4]
106.0543 	EXP 	polygon: color = [-0.4, -0.4, -0.4]
106.0543 	EXP 	trialImage: autoDraw = True
106.0543 	EXP 	polygon: autoDraw = True
106.5554 	EXP 	trialImage: autoDraw = False
106.5554 	EXP 	polygon: autoDraw = False
106.5554 	EXP 	blank_text: autoDraw = True
107.0399 	EXP 	New trial (rep=0, index=38): {'image': 'Celebs/49_Johnny_Depp_0013.jpg', 'stimulus': 'non_target'}
107.0685 	EXP 	blank_text: autoDraw = False
107.0685 	EXP 	trialImage: image = 'Celebs/17_Margot_Robbie_0006.jpg'
107.0685 	EXP 	polygon: foreColor = [-0.4, -0.4, -0.4]
107.0685 	EXP 	polygon: fillColor = [-0.4, -0.4, -0.4]
107.0685 	EXP 	polygon: borderColor = [-0.4, -0.4, -0.4]
107.0685 	EXP 	polygon: color = [-0.4, -0.4, -0.4]
107.0685 	EXP 	trialImage: autoDraw = True
107.0685 	EXP 	polygon: autoDraw = True
107.5524 	EXP 	trialImage: autoDraw = False
107.5524 	EXP 	polygon: autoDraw = False
107.5524 	EXP 	blank_text: autoDraw = True
108.0370 	EXP 	New trial (rep=0, index=39): {'image': 'Celebs/31_Neil_Patrick_Harris_0008.jpg', 'stimulus': 'non_target'}
108.0697 	EXP 	blank_text: autoDraw = False
108.0697 	EXP 	trialImage: image = 'Celebs/17_Margot_Robbie_0012.jpg'
108.0697 	EXP 	polygon: foreColor = [-0.4, -0.4, -0.4]
108.0697 	EXP 	polygon: fillColor = [-0.4, -0.4, -0.4]
108.0697 	EXP 	polygon: borderColor = [-0.4, -0.4, -0.4]
108.0697 	EXP 	polygon: color = [-0.4, -0.4, -0.4]
108.0697 	EXP 	trialImage: autoDraw = True
108.0697 	EXP 	polygon: autoDraw = True
108.5534 	EXP 	trialImage: autoDraw = False
108.5534 	EXP 	polygon: autoDraw = False
108.5534 	EXP 	blank_text: autoDraw = True
109.0382 	EXP 	New trial (rep=0, index=40): {'image': 'Celebs/14_Emma_Watson_0013.jpg', 'stimulus': 'non_target'}
109.0707 	EXP 	blank_text: autoDraw = False
109.0707 	EXP 	trialImage: image = 'Celebs/45_Will_Smith_0010.jpg'
109.0707 	EXP 	polygon: foreColor = [-0.4, -0.4, -0.4]
109.0707 	EXP 	polygon: fillColor = [-0.4, -0.4, -0.4]
109.0707 	EXP 	polygon: borderColor = [-0.4, -0.4, -0.4]
109.0707 	EXP 	polygon: color = [-0.4, -0.4, -0.4]
109.0707 	EXP 	trialImage: autoDraw = True
109.0707 	EXP 	polygon: autoDraw = True
109.5546 	EXP 	trialImage: autoDraw = False
109.5546 	EXP 	polygon: autoDraw = False
109.5546 	EXP 	blank_text: autoDraw = True
110.0392 	EXP 	New trial (rep=0, index=41): {'image': 'Celebs/20_Margot_Robbie_0006.jpg', 'stimulus': 'non_target'}
110.0718 	EXP 	blank_text: autoDraw = False
110.0718 	EXP 	trialImage: image = 'Celebs/48_Johnny_Depp_0005.jpg'
110.0718 	EXP 	polygon: foreColor = [-0.4, -0.4, -0.4]
110.0718 	EXP 	polygon: fillColor = [-0.4, -0.4, -0.4]
110.0718 	EXP 	polygon: borderColor = [-0.4, -0.4, -0.4]
110.0718 	EXP 	polygon: color = [-0.4, -0.4, -0.4]
110.0718 	EXP 	trialImage: autoDraw = True
110.0718 	EXP 	polygon: autoDraw = True
110.5557 	EXP 	trialImage: autoDraw = False
110.5557 	EXP 	polygon: autoDraw = False
110.5557 	EXP 	blank_text: autoDraw = True
111.0403 	EXP 	New trial (rep=0, index=42): {'image': 'Celebs/48_Johnny_Depp_0001.jpg', 'stimulus': 'non_target'}
111.0729 	EXP 	blank_text: autoDraw = False
111.0729 	EXP 	trialImage: image = 'Celebs/28_Scarlett_Johansson_0005.jpg'
111.0729 	EXP 	polygon: foreColor = [-0.4, -0.4, -0.4]
111.0729 	EXP 	polygon: fillColor = [-0.4, -0.4, -0.4]
111.0729 	EXP 	polygon: borderColor = [-0.4, -0.4, -0.4]
111.0729 	EXP 	polygon: color = [-0.4, -0.4, -0.4]
111.0729 	EXP 	trialImage: autoDraw = True
111.0729 	EXP 	polygon: autoDraw = True
111.5568 	EXP 	trialImage: autoDraw = False
111.5568 	EXP 	polygon: autoDraw = False
111.5568 	EXP 	blank_text: autoDraw = True
112.0414 	EXP 	New trial (rep=0, index=43): {'image': 'Celebs/17_Daniel_Radcliffe_0007.jpg', 'stimulus': 'target'}
112.0740 	EXP 	blank_text: autoDraw = False
112.0740 	EXP 	trialImage: image = 'Celebs/21_Scarlett_Johansson_0007.jpg'
112.0740 	EXP 	polygon: foreColor = [-0.4, -0.4, -0.4]
112.0740 	EXP 	polygon: fillColor = [-0.4, -0.4, -0.4]
112.0740 	EXP 	polygon: borderColor = [-0.4, -0.4, -0.4]
112.0740 	EXP 	polygon: color = [-0.4, -0.4, -0.4]
112.0740 	EXP 	trialImage: autoDraw = True
112.0740 	EXP 	polygon: autoDraw = True
112.5578 	EXP 	trialImage: autoDraw = False
112.5578 	EXP 	polygon: autoDraw = False
112.5578 	EXP 	blank_text: autoDraw = True
113.0425 	EXP 	New trial (rep=0, index=44): {'image': 'Celebs/33_Neil_Patrick_Harris_0011.jpg', 'stimulus': 'non_target'}
113.0751 	EXP 	blank_text: autoDraw = False
113.0751 	EXP 	trialImage: image = 'Celebs/36_Neil_Patrick_Harris_0010.jpg'
113.0751 	EXP 	polygon: foreColor = [-0.4, -0.4, -0.4]
113.0751 	EXP 	polygon: fillColor = [-0.4, -0.4, -0.4]
113.0751 	EXP 	polygon: borderColor = [-0.4, -0.4, -0.4]
113.0751 	EXP 	polygon: color = [-0.4, -0.4, -0.4]
113.0751 	EXP 	trialImage: autoDraw = True
113.0751 	EXP 	polygon: autoDraw = True
113.5590 	EXP 	trialImage: autoDraw = False
113.5590 	EXP 	polygon: autoDraw = False
113.5590 	EXP 	blank_text: autoDraw = True
114.0435 	EXP 	New trial (rep=0, index=45): {'image': 'Celebs/48_Johnny_Depp_0005.jpg', 'stimulus': 'non_target'}
114.0762 	EXP 	blank_text: autoDraw = False
114.0762 	EXP 	trialImage: image = 'Celebs/40_Jim_Parsons_0015.jpg'
114.0762 	EXP 	polygon: foreColor = [-0.4, -0.4, -0.4]
114.0762 	EXP 	polygon: fillColor = [-0.4, -0.4, -0.4]
114.0762 	EXP 	polygon: borderColor = [-0.4, -0.4, -0.4]
114.0762 	EXP 	polygon: color = [-0.4, -0.4, -0.4]
114.0762 	EXP 	trialImage: autoDraw = True
114.0762 	EXP 	polygon: autoDraw = True
114.5601 	EXP 	trialImage: autoDraw = False
114.5601 	EXP 	polygon: autoDraw = False
114.5601 	EXP 	blank_text: autoDraw = True
115.0446 	EXP 	New trial (rep=0, index=46): {'image': 'Celebs/40_Jim_Parsons_0004.jpg', 'stimulus': 'non_target'}
115.0773 	EXP 	blank_text: autoDraw = False
115.0773 	EXP 	trialImage: image = 'Celebs/51_Jackie_Chan_0006.jpg'
115.0773 	EXP 	polygon: foreColor = [-0.4, -0.4, -0.4]
115.0773 	EXP 	polygon: fillColor = [-0.4, -0.4, -0.4]
115.0773 	EXP 	polygon: borderColor = [-0.4, -0.4, -0.4]
115.0773 	EXP 	polygon: color = [-0.4, -0.4, -0.4]
115.0773 	EXP 	trialImage: autoDraw = True
115.0773 	EXP 	polygon: autoDraw = True
115.5611 	EXP 	trialImage: autoDraw = False
115.5611 	EXP 	polygon: autoDraw = False
115.5611 	EXP 	blank_text: autoDraw = True
116.0291 	EXP 	New trial (rep=0, index=47): {'image': 'Celebs/18_Daniel_Radcliffe_0007.jpg', 'stimulus': 'target'}
116.0616 	EXP 	blank_text: autoDraw = False
116.0616 	EXP 	trialImage: image = 'Celebs/21_Emma_Stone_0003.jpg'
116.0616 	EXP 	polygon: foreColor = [-0.4, -0.4, -0.4]
116.0616 	EXP 	polygon: fillColor = [-0.4, -0.4, -0.4]
116.0616 	EXP 	polygon: borderColor = [-0.4, -0.4, -0.4]
116.0616 	EXP 	polygon: color = [-0.4, -0.4, -0.4]
116.0616 	EXP 	trialImage: autoDraw = True
116.0616 	EXP 	polygon: autoDraw = True
116.5455 	EXP 	trialImage: autoDraw = False
116.5455 	EXP 	polygon: autoDraw = False
116.5455 	EXP 	blank_text: autoDraw = True
117.0303 	EXP 	New trial (rep=0, index=48): {'image': 'Celebs/39_Neil_Patrick_Harris_0001.jpg', 'stimulus': 'non_target'}
117.0628 	EXP 	blank_text: autoDraw = False
117.0628 	EXP 	trialImage: image = 'Celebs/57_Jackie_Chan_0008.jpg'
117.0628 	EXP 	polygon: foreColor = [-0.4, -0.4, -0.4]
117.0628 	EXP 	polygon: fillColor = [-0.4, -0.4, -0.4]
117.0628 	EXP 	polygon: borderColor = [-0.4, -0.4, -0.4]
117.0628 	EXP 	polygon: color = [-0.4, -0.4, -0.4]
117.0628 	EXP 	trialImage: autoDraw = True
117.0628 	EXP 	polygon: autoDraw = True
117.5466 	EXP 	trialImage: autoDraw = False
117.5466 	EXP 	polygon: autoDraw = False
117.5466 	EXP 	blank_text: autoDraw = True
118.0313 	EXP 	New trial (rep=0, index=49): {'image': 'Celebs/50_Jackie_Chan_0014.jpg', 'stimulus': 'non_target'}
118.0640 	EXP 	blank_text: autoDraw = False
118.0640 	EXP 	trialImage: image = 'Celebs/39_Neil_Patrick_Harris_0010.jpg'
118.0640 	EXP 	polygon: foreColor = [-0.4, -0.4, -0.4]
118.0640 	EXP 	polygon: fillColor = [-0.4, -0.4, -0.4]
118.0640 	EXP 	polygon: borderColor = [-0.4, -0.4, -0.4]
118.0640 	EXP 	polygon: color = [-0.4, -0.4, -0.4]
118.0640 	EXP 	trialImage: autoDraw = True
118.0640 	EXP 	polygon: autoDraw = True
118.5477 	EXP 	trialImage: autoDraw = False
118.5477 	EXP 	polygon: autoDraw = False
118.5477 	EXP 	blank_text: autoDraw = True
119.0325 	EXP 	New trial (rep=0, index=50): {'image': 'Celebs/44_Will_Smith_0007.jpg', 'stimulus': 'non_target'}
119.0649 	EXP 	blank_text: autoDraw = False
119.0649 	EXP 	trialImage: image = 'Celebs/38_Will_Smith_0013.jpg'
119.0649 	EXP 	polygon: foreColor = [-0.4, -0.4, -0.4]
119.0649 	EXP 	polygon: fillColor = [-0.4, -0.4, -0.4]
119.0649 	EXP 	polygon: borderColor = [-0.4, -0.4, -0.4]
119.0649 	EXP 	polygon: color = [-0.4, -0.4, -0.4]
119.0649 	EXP 	trialImage: autoDraw = True
119.0649 	EXP 	polygon: autoDraw = True
119.5488 	EXP 	trialImage: autoDraw = False
119.5488 	EXP 	polygon: autoDraw = False
119.5488 	EXP 	blank_text: autoDraw = True
120.0335 	EXP 	New trial (rep=0, index=51): {'image': 'Celebs/22_Emma_Watson_0010.jpg', 'stimulus': 'non_target'}
120.0661 	EXP 	blank_text: autoDraw = False
120.0661 	EXP 	trialImage: image = 'Celebs/22_Emma_Stone_0013.jpg'
120.0661 	EXP 	polygon: foreColor = [-0.4, -0.4, -0.4]
120.0661 	EXP 	polygon: fillColor = [-0.4, -0.4, -0.4]
120.0661 	EXP 	polygon: borderColor = [-0.4, -0.4, -0.4]
120.0661 	EXP 	polygon: color = [-0.4, -0.4, -0.4]
120.0661 	EXP 	trialImage: autoDraw = True
120.0661 	EXP 	polygon: autoDraw = True
120.5499 	EXP 	trialImage: autoDraw = False
120.5499 	EXP 	polygon: autoDraw = False
120.5499 	EXP 	blank_text: autoDraw = True
121.0346 	EXP 	New trial (rep=0, index=52): {'image': 'Celebs/17_Margot_Robbie_0014.jpg', 'stimulus': 'non_target'}
121.0547 	EXP 	blank_text: autoDraw = False
121.0547 	EXP 	trialImage: image = 'Celebs/39_Jim_Parsons_0010.jpg'
121.0547 	EXP 	polygon: foreColor = [-0.4, -0.4, -0.4]
121.0547 	EXP 	polygon: fillColor = [-0.4, -0.4, -0.4]
121.0547 	EXP 	polygon: borderColor = [-0.4, -0.4, -0.4]
121.0547 	EXP 	polygon: color = [-0.4, -0.4, -0.4]
121.0547 	EXP 	trialImage: autoDraw = True
121.0547 	EXP 	polygon: autoDraw = True
121.5551 	EXP 	trialImage: autoDraw = False
121.5551 	EXP 	polygon: autoDraw = False
121.5551 	EXP 	blank_text: autoDraw = True
122.0397 	EXP 	New trial (rep=0, index=53): {'image': 'Celebs/47_Johnny_Depp_0003.jpg', 'stimulus': 'non_target'}
122.0682 	EXP 	blank_text: autoDraw = False
122.0682 	EXP 	trialImage: image = 'Celebs/54_Jackie_Chan_0001.jpg'
122.0682 	EXP 	polygon: foreColor = [-0.4, -0.4, -0.4]
122.0682 	EXP 	polygon: fillColor = [-0.4, -0.4, -0.4]
122.0682 	EXP 	polygon: borderColor = [-0.4, -0.4, -0.4]
122.0682 	EXP 	polygon: color = [-0.4, -0.4, -0.4]
122.0682 	EXP 	trialImage: autoDraw = True
122.0682 	EXP 	polygon: autoDraw = True
122.5226 	DATA 	Keypress: escape
122.5521 	EXP 	trialImage: autoDraw = False
122.5521 	EXP 	polygon: autoDraw = False
122.5521 	EXP 	blank_text: autoDraw = True
123.2962 	EXP 	window1: mouseVisible = True
