8.0853 	WARNING 	User requested fullscreen with size [1280  720], but screen is actually [1920, 1080]. Using actual size
9.0158 	EXP 	Created window1 = Window(allowGUI=True, allowStencil=False, autoLog=True, backendConf=UNKNOWN, bitsMode=UNKNOWN, blendMode='avg', bpc=(8, 8, 8), color=array([0, 0, 0]), colorSpace='rgb', depthBits=8, fullscr=<method-wrapper '__getattribute__' of attributeSetter object at 0x0000026CBAA7B040>, gamma=None, gammaErrorPolicy='raise', lms=UNKNOWN, monitor=<psychopy.monitors.calibTools.Monitor object at 0x0000026CBB007C40>, multiSample=False, name='window1', numSamples=2, pos=(0, 0), screen=0, size=array([1920, 1080]), stencilBits=0, stereo=False, units='height', useFBO=True, useRetina=False, viewOri=0.0, viewPos=None, viewScale=None, waitBlanking=True, winType='pyglet')
9.0160 	EXP 	window1: mouseVisible = True
9.0163 	EXP 	window1: mouseVisible = False
9.0163 	EXP 	window1: Attempting to measure frame rate of screen (0) ...
9.0163 	EXP 	window1: recordFrameIntervals = False
9.1820 	EXP 	window1: recordFrameIntervals = True
9.3657 	EXP 	Screen (0) actual frame rate measured at 59.98Hz
9.3658 	EXP 	window1: recordFrameIntervals = False
12.9377 	EXP 	Created welcome_text = TextStim(__class__=<class 'psychopy.visual.text.TextStim'>, alignHoriz=method-wrapper(...), alignText='center', alignVert=method-wrapper(...), anchorHoriz='center', anchorVert='center', antialias=True, autoDraw=False, autoLog=True, bold=False, color=array([1, 1, 1]), colorSpace='rgb', contrast=1.0, depth=0.0, flipHoriz=False, flipVert=False, font='Open Sans', fontFiles=[], height=0.05, italic=False, languageStyle='LTR', name='welcome_text', opacity=1.0, ori=0.0, pos=array([0., 0.]), rgb=UNKNOWN, text='Welcome!\n', units='height', win=Window(...), wrapWidth=1)
12.9658 	EXP 	Created instructions_text = TextStim(__class__=<class 'psychopy.visual.text.TextStim'>, alignHoriz=method-wrapper(...), alignText='center', alignVert=method-wrapper(...), anchorHoriz='center', anchorVert='center', antialias=True, autoDraw=False, autoLog=True, bold=False, color=array([1, 1, 1]), colorSpace='rgb', contrast=1.0, depth=0.0, flipHoriz=False, flipVert=False, font='Open Sans', fontFiles=[], height=0.05, italic=False, languageStyle='LTR', name='instructions_text', opacity=1.0, ori=0.0, pos=array([0., 0.]), rgb=UNKNOWN, text=str(...), units='height', win=Window(...), wrapWidth=1)
12.9707 	EXP 	Created eye_text = TextStim(__class__=<class 'psychopy.visual.text.TextStim'>, alignHoriz=method-wrapper(...), alignText='center', alignVert=method-wrapper(...), anchorHoriz='center', anchorVert='center', antialias=True, autoDraw=False, autoLog=True, bold=False, color=array([1, 1, 1]), colorSpace='rgb', contrast=1.0, depth=0.0, flipHoriz=False, flipVert=False, font='Open Sans', fontFiles=[], height=0.05, italic=False, languageStyle='LTR', name='eye_text', opacity=1.0, ori=0.0, pos=array([0., 0.]), rgb=UNKNOWN, text='Blink you eyes', units='height', win=Window(...), wrapWidth=1)
12.9763 	EXP 	Created text = TextStim(__class__=<class 'psychopy.visual.text.TextStim'>, alignHoriz=method-wrapper(...), alignText='center', alignVert=method-wrapper(...), anchorHoriz='center', anchorVert='center', antialias=True, autoDraw=False, autoLog=True, bold=False, color=array([1, 1, 1]), colorSpace='rgb', contrast=1.0, depth=0.0, flipHoriz=False, flipVert=False, font='Open Sans', fontFiles=[], height=0.05, italic=False, languageStyle='LTR', name='text', opacity=1.0, ori=0.0, pos=array([0., 0.]), rgb=UNKNOWN, text='Clench your jaw!', units='height', win=Window(...), wrapWidth=1)
12.9809 	EXP 	Created closedEyes_text = TextStim(__class__=<class 'psychopy.visual.text.TextStim'>, alignHoriz=method-wrapper(...), alignText='center', alignVert=method-wrapper(...), anchorHoriz='center', anchorVert='center', antialias=True, autoDraw=False, autoLog=True, bold=False, color=array([1, 1, 1]), colorSpace='rgb', contrast=1.0, depth=0.0, flipHoriz=False, flipVert=False, font='Open Sans', fontFiles=[], height=0.05, italic=False, languageStyle='LTR', name='closedEyes_text', opacity=1.0, ori=0.0, pos=array([0., 0.]), rgb=UNKNOWN, text=str(...), units='height', win=Window(...), wrapWidth=1)
13.3408 	EXP 	Sound beep set volume 1.000
13.3527 	EXP 	Created blank_text = TextStim(__class__=<class 'psychopy.visual.text.TextStim'>, alignHoriz=method-wrapper(...), alignText='center', alignVert=method-wrapper(...), anchorHoriz='center', anchorVert='center', antialias=True, autoDraw=False, autoLog=True, bold=False, color=array([1, 1, 1]), colorSpace='rgb', contrast=1.0, depth=0.0, flipHoriz=False, flipVert=False, font='Open Sans', fontFiles=[], height=0.05, italic=False, languageStyle='LTR', name='blank_text', opacity=1.0, ori=0.0, pos=array([0., 0.]), rgb=UNKNOWN, text='', units='height', win=Window(...), wrapWidth=1)
13.3660 	EXP 	Created image = ImageStim(__class__=<class 'psychopy.visual.image.ImageStim'>, anchor=('center', 'center'), autoLog=True, color=array([1, 1, 1]), colorSpace='rgb', contrast=1.0, depth=0.0, flipHoriz=False, flipVert=False, image='sin', interpolate=True, mask=None, maskParams=None, name='image', opacity=1.0, ori=0.0, pos=array([0., 0.]), size=array([0.5, 0.5]), texRes=128.0, units='height', win=Window(...))
13.3675 	EXP 	Created trialBlockText = TextStim(__class__=<class 'psychopy.visual.text.TextStim'>, alignHoriz=method-wrapper(...), alignText='center', alignVert=method-wrapper(...), anchorHoriz='center', anchorVert='center', antialias=True, autoDraw=False, autoLog=True, bold=False, color=array([1, 1, 1]), colorSpace='rgb', contrast=1.0, depth=0.0, flipHoriz=False, flipVert=False, font='Open Sans', fontFiles=[], height=0.05, italic=False, languageStyle='LTR', name='trialBlockText', opacity=1.0, ori=0.0, pos=array([0., 0.]), rgb=UNKNOWN, text='', units='height', win=Window(...), wrapWidth=1)
13.3775 	EXP 	Created goodbye_text = TextStim(__class__=<class 'psychopy.visual.text.TextStim'>, alignHoriz=method-wrapper(...), alignText='center', alignVert=method-wrapper(...), anchorHoriz='center', anchorVert='center', antialias=True, autoDraw=False, autoLog=True, bold=False, color=array([1, 1, 1]), colorSpace='rgb', contrast=1.0, depth=0.0, flipHoriz=False, flipVert=False, font='Open Sans', fontFiles=[], height=0.05, italic=False, languageStyle='LTR', name='goodbye_text', opacity=1.0, ori=0.0, pos=array([0., 0.]), rgb=UNKNOWN, text='Thank you for participating!', units='height', win=Window(...), wrapWidth=1)
13.3868 	EXP 	welcome_text: autoDraw = True
15.3883 	EXP 	welcome_text: autoDraw = False
15.3883 	EXP 	welcome_text: autoDraw = False
15.3883 	EXP 	instructions_text: autoDraw = True
16.7606 	DATA 	Keypress: space
16.7734 	EXP 	instructions_text: autoDraw = False
16.7734 	EXP 	eye_text: autoDraw = True
31.7731 	EXP 	eye_text: autoDraw = False
31.7731 	EXP 	eye_text: autoDraw = False
31.7731 	EXP 	text: autoDraw = True
46.7728 	EXP 	text: autoDraw = False
46.7728 	EXP 	text: autoDraw = False
46.7728 	EXP 	closedEyes_text: autoDraw = True
61.7727 	EXP 	Sound beep started
61.7725 	EXP 	closedEyes_text: autoDraw = False
62.2726 	EXP 	Sound beep reached end of file
62.2743 	EXP 	Created sequence: random, trialTypes=1, nReps=3, seed=None
62.2748 	EXP 	New trial (rep=0, index=0): None
62.3079 	EXP 	Imported stims.xlsx as conditions, 118 conditions, 1 params
62.3126 	EXP 	Created sequence: random, trialTypes=118, nReps=3, seed=None
62.3132 	EXP 	New trial (rep=0, index=0): {'stimulus_time': 'Dataset/httpsuploadwikimediaorgwikipediacommonsthumbMindyBKalingBPaleyFestBNewBYorkBBMindyBIqZgUWvbljpgpxMindyBKalingBPaleyFestBNewBYorkBBMindyBIqZgUWvbljpg.jpg'}
62.3230 	EXP 	closedEyes_text: autoDraw = False
62.3230 	EXP 	blank_text: autoDraw = True
62.7902 	EXP 	blank_text: autoDraw = False
62.7902 	EXP 	image: image = 'Dataset/httpsuploadwikimediaorgwikipediacommonsthumbMindyBKalingBPaleyFestBNewBYorkBBMindyBIqZgUWvbljpgpxMindyBKalingBPaleyFestBNewBYorkBBMindyBIqZgUWvbljpg.jpg'
62.7902 	EXP 	image: autoDraw = True
63.2758 	EXP 	New trial (rep=0, index=1): {'stimulus_time': 'Dataset/httpssmediacacheakpinimgcomxedaedabcbefbcbabbjpg.jpg'}
63.2909 	EXP 	image: autoDraw = False
63.2909 	EXP 	blank_text: autoDraw = True
63.7915 	EXP 	blank_text: autoDraw = False
63.7915 	EXP 	image: image = 'Dataset/httpssmediacacheakpinimgcomxedaedabcbefbcbabbjpg.jpg'
63.7915 	EXP 	image: autoDraw = True
64.2593 	EXP 	New trial (rep=0, index=2): {'stimulus_time': 'Dataset/httpafilesbiographycomimageuploadcfillcssrgbdprgfacehqwMTEODAOTcxNjcMjczMjkzjpg.jpg'}
64.2753 	EXP 	image: autoDraw = False
64.2753 	EXP 	blank_text: autoDraw = True
64.7925 	EXP 	blank_text: autoDraw = False
64.7925 	EXP 	image: image = 'Dataset/httpafilesbiographycomimageuploadcfillcssrgbdprgfacehqwMTEODAOTcxNjcMjczMjkzjpg.jpg'
64.7925 	EXP 	image: autoDraw = True
65.2604 	EXP 	New trial (rep=0, index=3): {'stimulus_time': 'Dataset/httpsticketmnettmenusdamabbacdaebeafdbbCUSTOMjpg.jpg'}
65.2764 	EXP 	image: autoDraw = False
65.2764 	EXP 	blank_text: autoDraw = True
65.7936 	EXP 	blank_text: autoDraw = False
65.7936 	EXP 	image: image = 'Dataset/httpsticketmnettmenusdamabbacdaebeafdbbCUSTOMjpg.jpg'
65.7936 	EXP 	image: autoDraw = True
66.2615 	EXP 	New trial (rep=0, index=4): {'stimulus_time': 'Dataset/httpmediacacheecpinimgcomxffeffbcefjpg.jpg'}
66.2775 	EXP 	image: autoDraw = False
66.2775 	EXP 	blank_text: autoDraw = True
66.7947 	EXP 	blank_text: autoDraw = False
66.7947 	EXP 	image: image = 'Dataset/httpmediacacheecpinimgcomxffeffbcefjpg.jpg'
66.7947 	EXP 	image: autoDraw = True
67.2626 	EXP 	New trial (rep=0, index=5): {'stimulus_time': 'Dataset/httpsuploadwikimediaorgwikipediacommonsthumbEltonJohninsjpgpxEltonJohninsjpg.jpg'}
67.2786 	EXP 	image: autoDraw = False
67.2786 	EXP 	blank_text: autoDraw = True
67.5811 	DATA 	Keypress: escape
68.0387 	EXP 	window1: mouseVisible = True
